Bin\Debug\Clock.ilk
Bin\Debug\Clock.pdb
E:\SSY\编程\汇编\项目\ASMSTUDY\CLOCK\BIN\DEBUG\CLOCK.EXE
E:\SSY\编程\汇编\项目\ASMSTUDY\CLOCK\BIN\DEBUG\CLOCK.ILK
E:\SSY\编程\汇编\项目\ASMSTUDY\CLOCK\BIN\DEBUG\CLOCK.PDB
E:\SSY\编程\汇编\项目\ASMSTUDY\CLOCK\INTERMEDIATE\DEBUG\CLOCK.EXE.INTERMEDIATE.MANIFEST
E:\SSY\编程\汇编\项目\AsmStudy\Clock\Intermediate\Debug\Clock.obj
E:\SSY\编程\汇编\项目\AsmStudy\Clock\Intermediate\Debug\Clock.write.1.tlog
E:\SSY\编程\汇编\项目\AsmStudy\Clock\Intermediate\Debug\link.command.1.tlog
E:\SSY\编程\汇编\项目\AsmStudy\Clock\Intermediate\Debug\link.read.1.tlog
E:\SSY\编程\汇编\项目\AsmStudy\Clock\Intermediate\Debug\link.write.1.tlog
E:\SSY\编程\汇编\项目\AsmStudy\Clock\Intermediate\Debug\link-cvtres.read.1.tlog
E:\SSY\编程\汇编\项目\AsmStudy\Clock\Intermediate\Debug\link-cvtres.write.1.tlog
E:\SSY\编程\汇编\项目\AsmStudy\Clock\Intermediate\Debug\mt.command.1.tlog
E:\SSY\编程\汇编\项目\AsmStudy\Clock\Intermediate\Debug\mt.read.1.tlog
E:\SSY\编程\汇编\项目\AsmStudy\Clock\Intermediate\Debug\mt.write.1.tlog
E:\SSY\编程\汇编\项目\ASMSTUDY\CLOCK\INTERMEDIATE\DEBUG\R.RES
E:\SSY\编程\汇编\项目\AsmStudy\Clock\Intermediate\Debug\rc.command.1.tlog
E:\SSY\编程\汇编\项目\AsmStudy\Clock\Intermediate\Debug\rc.read.1.tlog
E:\SSY\编程\汇编\项目\AsmStudy\Clock\Intermediate\Debug\rc.write.1.tlog
